<?xml version="1.0" encoding="UTF-8"?>
<!-- Generated by org.testng.reporters.JUnitXMLReporter -->
<testsuite ignored="0" hostname="REDA" failures="0" tests="17" name="Command line test" time="49.545" errors="0" timestamp="2023-07-12T08:12:15 EET">
  <testcase classname="ContactList.tests.AddUserTests" name="VerifyAddingUserWithUnregisteredEmail" time="3.652"/>
  <testcase classname="ContactList.tests.AddUserTests" name="VerifyAddingUserWithRegisteredEmail" time="0.929"/>
  <testcase classname="ContactList.tests.DeleteUserTest" name="VerifyAddingUserWithUnregisteredEmail" time="0.912"/>
  <testcase classname="ContactList.tests.DeleteUserTest" name="VerifyDeletingUserSuccessfully" time="1.867"/>
  <testcase classname="ContactList.tests.LoginTests" name="VerifyAddingUserWithUnregisteredEmail" time="1.22"/>
  <testcase classname="ContactList.tests.LoginTests" name="VerifyLoginWithInCorrectEmailAndPw" time="0.833"/>
  <testcase classname="ContactList.tests.LoginTests" name="VerifyLoginWithCorrectEmailAndPw" time="0.793"/>
  <testcase classname="ContactList.tests.UpdateUserTests" name="verifyAddingUserWithUnregisteredEmail" time="1.272"/>
  <testcase classname="ContactList.tests.UpdateUserTests" name="verifyUpdatingUnRegisteredUser" time="0.792"/>
  <testcase classname="ContactList.tests.UpdateUserTests" name="verifyUpdatingRegisteredUser" time="1.241"/>
  <testcase classname="ContactList.tests.UserProfileTests" name="verifyAddingUserWithUnregisteredEmail" time="0.835"/>
  <testcase classname="ContactList.tests.UserProfileTests" name="verifyGettingUserProfileWithoutToken" time="0.837"/>
  <testcase classname="ContactList.tests.UserProfileTests" name="verifyGettingUserProfile" time="0.752"/>
  <testcase classname="PHPTravel.tests.LoginTests" name="LoginWithInvalidCredintials" time="0.728"/>
  <testcase classname="PHPTravel.tests.LoginTests" name="VerifyRegisteringUserWithValidData" time="6.248"/>
  <testcase classname="PHPTravel.tests.LoginTests" name="VerifyAccountSuccessfully" time="9.932"/>
  <testcase classname="PHPTravel.tests.LoginTests" name="LoginWithValidCredintials" time="6.325"/>
</testsuite> <!-- Command line test -->
