<?xml version="1.0" encoding="UTF-8"?>
<!-- Generated by org.testng.reporters.JUnitXMLReporter -->
<testsuite ignored="0" hostname="DESKTOP-V38MVE0" failures="0" tests="2" name="Command line test" time="10.849" errors="0" timestamp="2023-07-19T22:54:11 EET">
  <testcase classname="ContactList.tests.AddUserTests" name="VerifyAddingUserWithUnregisteredEmail" time="9.364"/>
  <testcase classname="ContactList.tests.AddUserTests" name="VerifyAddingUserWithRegisteredEmail" time="0.812"/>
</testsuite> <!-- Command line test -->
