<?xml version="1.0" encoding="UTF-8"?>
<!-- Generated by org.testng.reporters.JUnitXMLReporter -->
<testsuite ignored="0" hostname="REDA" failures="0" tests="2" name="Command line test" time="5.6" errors="0" timestamp="2023-07-19T10:01:21 EET">
  <testcase classname="ContactList.tests.DeleteUserTest" name="VerifyAddingUserWithUnregisteredEmail" time="3.753"/>
  <testcase classname="ContactList.tests.DeleteUserTest" name="VerifyDeletingUserSuccessfully" time="1.734"/>
</testsuite> <!-- Command line test -->
