<?xml version="1.0" encoding="UTF-8"?>
<!-- Generated by org.testng.reporters.JUnitXMLReporter -->
<testsuite ignored="0" hostname="REDA" failures="0" tests="2" name="Command line test" time="7.222" errors="0" timestamp="2023-07-13T08:28:00 EET">
  <testcase classname="ContactList.tests.DeleteUserTest" name="VerifyAddingUserWithUnregisteredEmail" time="5.348"/>
  <testcase classname="ContactList.tests.DeleteUserTest" name="VerifyDeletingUserSuccessfully" time="1.751"/>
</testsuite> <!-- Command line test -->
