<?xml version="1.0" encoding="UTF-8" ?>
<testsuite tests="17" failures="0" name="TestSuite" time="39.171" errors="0" skipped="0">
  <properties>
[...]
</properties>
  <testcase classname="ContactList.tests.AddUserTests" name="VerifyAddingUserWithUnregisteredEmail" time="3.654"/>
  <testcase classname="ContactList.tests.AddUserTests" name="VerifyAddingUserWithRegisteredEmail" time="0.929"/>
  <testcase classname="ContactList.tests.DeleteUserTest" name="VerifyAddingUserWithUnregisteredEmail" time="0.91"/>
  <testcase classname="ContactList.tests.DeleteUserTest" name="VerifyDeletingUserSuccessfully" time="1.866"/>
  <testcase classname="ContactList.tests.LoginTests" name="VerifyAddingUserWithUnregisteredEmail" time="1.219"/>
  <testcase classname="ContactList.tests.LoginTests" name="VerifyLoginWithInCorrectEmailAndPw" time="0.834"/>
  <testcase classname="ContactList.tests.LoginTests" name="VerifyLoginWithCorrectEmailAndPw" time="0.793"/>
  <testcase classname="ContactList.tests.UpdateUserTests" name="verifyAddingUserWithUnregisteredEmail" time="1.274"/>
  <testcase classname="ContactList.tests.UpdateUserTests" name="verifyUpdatingUnRegisteredUser" time="0.79"/>
  <testcase classname="ContactList.tests.UpdateUserTests" name="verifyUpdatingRegisteredUser" time="1.241"/>
  <testcase classname="ContactList.tests.UserProfileTests" name="verifyAddingUserWithUnregisteredEmail" time="0.848"/>
  <testcase classname="ContactList.tests.UserProfileTests" name="verifyGettingUserProfileWithoutToken" time="0.824"/>
  <testcase classname="ContactList.tests.UserProfileTests" name="verifyGettingUserProfile" time="0.753"/>
  <testcase classname="PHPTravel.tests.LoginTests" name="LoginWithInvalidCredintials" time="0.729"/>
  <testcase classname="PHPTravel.tests.LoginTests" name="VerifyRegisteringUserWithValidData" time="6.25"/>
  <testcase classname="PHPTravel.tests.LoginTests" name="VerifyAccountSuccessfully" time="9.931"/>
  <testcase classname="PHPTravel.tests.LoginTests" name="LoginWithValidCredintials" time="6.326"/>
</testsuite>